[debug] [2023-10-28T19:24:29.749Z] ----------------------------------------------------------------------
[debug] [2023-10-28T19:24:29.751Z] Command:       /opt/homebrew/Cellar/node/20.6.1/bin/node /Users/mahmoud_ektefaie/.nvm/versions/node/v20.5.0/bin/firebase init
[debug] [2023-10-28T19:24:29.751Z] CLI Version:   12.7.0
[debug] [2023-10-28T19:24:29.751Z] Platform:      darwin
[debug] [2023-10-28T19:24:29.751Z] Node Version:  v20.6.1
[debug] [2023-10-28T19:24:29.751Z] Time:          Sat Oct 28 2023 12:24:29 GMT-0700 (Pacific Daylight Saving Time)
[debug] [2023-10-28T19:24:29.751Z] ----------------------------------------------------------------------
[debug] 
[debug] [2023-10-28T19:24:29.754Z] > command requires scopes: ["email","openid","https://www.googleapis.com/auth/cloudplatformprojects.readonly","https://www.googleapis.com/auth/firebase","https://www.googleapis.com/auth/cloud-platform"]
[debug] [2023-10-28T19:24:29.754Z] > authorizing via signed-in user (ektefaie@gmail.com)
[info] 
     ######## #### ########  ######## ########     ###     ######  ########
     ##        ##  ##     ## ##       ##     ##  ##   ##  ##       ##
     ######    ##  ########  ######   ########  #########  ######  ######
     ##        ##  ##    ##  ##       ##     ## ##     ##       ## ##
     ##       #### ##     ## ######## ########  ##     ##  ######  ########

You're about to initialize a Firebase project in this directory:

  /Users/mahmoud_ektefaie/Desktop/NucampFolder/WebDev/2-Javascript/wk5-ep-deployFirebase

[info] 
=== Project Setup
[info] 
[info] First, let's associate this project directory with a Firebase project.
[info] You can create multiple project aliases by running firebase use --add, 
[info] but for now we'll just set up a default project.
[info] 
[info] i  If you want to create a project in a Google Cloud organization or folder, please use "firebase projects:create" instead, and return to this command when you've created the project. 
[debug] [2023-10-28T19:28:44.776Z] >>> [apiv2][query] POST https://cloudresourcemanager.googleapis.com/v1/projects [none]
[debug] [2023-10-28T19:28:44.776Z] >>> [apiv2][body] POST https://cloudresourcemanager.googleapis.com/v1/projects {"projectId":"nc-js-deployfirebase23","name":"deployfirebase"}
[debug] [2023-10-28T19:28:45.613Z] <<< [apiv2][status] POST https://cloudresourcemanager.googleapis.com/v1/projects 200
[debug] [2023-10-28T19:28:45.614Z] <<< [apiv2][body] POST https://cloudresourcemanager.googleapis.com/v1/projects {"name":"operations/cp.8875792080355926850"}
[debug] [2023-10-28T19:28:45.615Z] >>> [apiv2][query] GET https://cloudresourcemanager.googleapis.com/v1/operations/cp.8875792080355926850 [none]
[debug] [2023-10-28T19:28:46.230Z] <<< [apiv2][status] GET https://cloudresourcemanager.googleapis.com/v1/operations/cp.8875792080355926850 200
[debug] [2023-10-28T19:28:46.231Z] <<< [apiv2][body] GET https://cloudresourcemanager.googleapis.com/v1/operations/cp.8875792080355926850 {"name":"operations/cp.8875792080355926850"}
[debug] [2023-10-28T19:28:46.732Z] [Project Creation Poller] Retrying task index 0
[debug] [2023-10-28T19:28:46.733Z] >>> [apiv2][query] GET https://cloudresourcemanager.googleapis.com/v1/operations/cp.8875792080355926850 [none]
[debug] [2023-10-28T19:28:47.448Z] <<< [apiv2][status] GET https://cloudresourcemanager.googleapis.com/v1/operations/cp.8875792080355926850 200
[debug] [2023-10-28T19:28:47.449Z] <<< [apiv2][body] GET https://cloudresourcemanager.googleapis.com/v1/operations/cp.8875792080355926850 {"name":"operations/cp.8875792080355926850"}
[debug] [2023-10-28T19:28:48.450Z] [Project Creation Poller] Retrying task index 0
[debug] [2023-10-28T19:28:48.451Z] >>> [apiv2][query] GET https://cloudresourcemanager.googleapis.com/v1/operations/cp.8875792080355926850 [none]
[debug] [2023-10-28T19:28:48.822Z] <<< [apiv2][status] GET https://cloudresourcemanager.googleapis.com/v1/operations/cp.8875792080355926850 200
[debug] [2023-10-28T19:28:48.822Z] <<< [apiv2][body] GET https://cloudresourcemanager.googleapis.com/v1/operations/cp.8875792080355926850 {"name":"operations/cp.8875792080355926850","metadata":{"@type":"type.googleapis.com/google.cloudresourcemanager.v1.ProjectCreationStatus","gettable":true}}
[debug] [2023-10-28T19:28:50.824Z] [Project Creation Poller] Retrying task index 0
[debug] [2023-10-28T19:28:50.826Z] >>> [apiv2][query] GET https://cloudresourcemanager.googleapis.com/v1/operations/cp.8875792080355926850 [none]
[debug] [2023-10-28T19:28:51.176Z] <<< [apiv2][status] GET https://cloudresourcemanager.googleapis.com/v1/operations/cp.8875792080355926850 200
[debug] [2023-10-28T19:28:51.176Z] <<< [apiv2][body] GET https://cloudresourcemanager.googleapis.com/v1/operations/cp.8875792080355926850 {"name":"operations/cp.8875792080355926850","metadata":{"@type":"type.googleapis.com/google.cloudresourcemanager.v1.ProjectCreationStatus","gettable":true,"ready":true},"done":true,"response":{"@type":"type.googleapis.com/google.cloudresourcemanager.v1.Project","projectNumber":"234750969658","projectId":"nc-js-deployfirebase23","lifecycleState":"ACTIVE","name":"deployfirebase","createTime":"2023-10-28T19:28:47.508Z"}}
[debug] [2023-10-28T19:28:51.178Z] >>> [apiv2][query] POST https://firebase.googleapis.com/v1beta1/projects/nc-js-deployfirebase23:addFirebase [none]
[debug] [2023-10-28T19:28:53.594Z] <<< [apiv2][status] POST https://firebase.googleapis.com/v1beta1/projects/nc-js-deployfirebase23:addFirebase 200
[debug] [2023-10-28T19:28:53.594Z] <<< [apiv2][body] POST https://firebase.googleapis.com/v1beta1/projects/nc-js-deployfirebase23:addFirebase {"name":"operations/workflows/YmU0YjYxZTEtMDc1YS00ZGMwLWJmNWUtNmVhZDYxNmE3MjFj"}
[debug] [2023-10-28T19:28:53.594Z] >>> [apiv2][query] GET https://firebase.googleapis.com/v1beta1/operations/workflows/YmU0YjYxZTEtMDc1YS00ZGMwLWJmNWUtNmVhZDYxNmE3MjFj [none]
[debug] [2023-10-28T19:28:54.004Z] <<< [apiv2][status] GET https://firebase.googleapis.com/v1beta1/operations/workflows/YmU0YjYxZTEtMDc1YS00ZGMwLWJmNWUtNmVhZDYxNmE3MjFj 200
[debug] [2023-10-28T19:28:54.004Z] <<< [apiv2][body] GET https://firebase.googleapis.com/v1beta1/operations/workflows/YmU0YjYxZTEtMDc1YS00ZGMwLWJmNWUtNmVhZDYxNmE3MjFj {"name":"operations/workflows/YmU0YjYxZTEtMDc1YS00ZGMwLWJmNWUtNmVhZDYxNmE3MjFj"}
[debug] [2023-10-28T19:28:54.505Z] [Add Firebase Poller] Retrying task index 0
[debug] [2023-10-28T19:28:54.507Z] >>> [apiv2][query] GET https://firebase.googleapis.com/v1beta1/operations/workflows/YmU0YjYxZTEtMDc1YS00ZGMwLWJmNWUtNmVhZDYxNmE3MjFj [none]
[debug] [2023-10-28T19:28:54.923Z] <<< [apiv2][status] GET https://firebase.googleapis.com/v1beta1/operations/workflows/YmU0YjYxZTEtMDc1YS00ZGMwLWJmNWUtNmVhZDYxNmE3MjFj 200
[debug] [2023-10-28T19:28:54.923Z] <<< [apiv2][body] GET https://firebase.googleapis.com/v1beta1/operations/workflows/YmU0YjYxZTEtMDc1YS00ZGMwLWJmNWUtNmVhZDYxNmE3MjFj {"name":"operations/workflows/YmU0YjYxZTEtMDc1YS00ZGMwLWJmNWUtNmVhZDYxNmE3MjFj"}
[debug] [2023-10-28T19:28:55.924Z] [Add Firebase Poller] Retrying task index 0
[debug] [2023-10-28T19:28:55.924Z] >>> [apiv2][query] GET https://firebase.googleapis.com/v1beta1/operations/workflows/YmU0YjYxZTEtMDc1YS00ZGMwLWJmNWUtNmVhZDYxNmE3MjFj [none]
[debug] [2023-10-28T19:28:56.292Z] <<< [apiv2][status] GET https://firebase.googleapis.com/v1beta1/operations/workflows/YmU0YjYxZTEtMDc1YS00ZGMwLWJmNWUtNmVhZDYxNmE3MjFj 200
[debug] [2023-10-28T19:28:56.293Z] <<< [apiv2][body] GET https://firebase.googleapis.com/v1beta1/operations/workflows/YmU0YjYxZTEtMDc1YS00ZGMwLWJmNWUtNmVhZDYxNmE3MjFj {"name":"operations/workflows/YmU0YjYxZTEtMDc1YS00ZGMwLWJmNWUtNmVhZDYxNmE3MjFj"}
[debug] [2023-10-28T19:28:58.294Z] [Add Firebase Poller] Retrying task index 0
[debug] [2023-10-28T19:28:58.295Z] >>> [apiv2][query] GET https://firebase.googleapis.com/v1beta1/operations/workflows/YmU0YjYxZTEtMDc1YS00ZGMwLWJmNWUtNmVhZDYxNmE3MjFj [none]
[debug] [2023-10-28T19:28:58.610Z] <<< [apiv2][status] GET https://firebase.googleapis.com/v1beta1/operations/workflows/YmU0YjYxZTEtMDc1YS00ZGMwLWJmNWUtNmVhZDYxNmE3MjFj 200
[debug] [2023-10-28T19:28:58.611Z] <<< [apiv2][body] GET https://firebase.googleapis.com/v1beta1/operations/workflows/YmU0YjYxZTEtMDc1YS00ZGMwLWJmNWUtNmVhZDYxNmE3MjFj {"name":"operations/workflows/YmU0YjYxZTEtMDc1YS00ZGMwLWJmNWUtNmVhZDYxNmE3MjFj"}
[debug] [2023-10-28T19:29:02.612Z] [Add Firebase Poller] Retrying task index 0
[debug] [2023-10-28T19:29:02.614Z] >>> [apiv2][query] GET https://firebase.googleapis.com/v1beta1/operations/workflows/YmU0YjYxZTEtMDc1YS00ZGMwLWJmNWUtNmVhZDYxNmE3MjFj [none]
[debug] [2023-10-28T19:29:02.823Z] <<< [apiv2][status] GET https://firebase.googleapis.com/v1beta1/operations/workflows/YmU0YjYxZTEtMDc1YS00ZGMwLWJmNWUtNmVhZDYxNmE3MjFj 200
[debug] [2023-10-28T19:29:02.827Z] <<< [apiv2][body] GET https://firebase.googleapis.com/v1beta1/operations/workflows/YmU0YjYxZTEtMDc1YS00ZGMwLWJmNWUtNmVhZDYxNmE3MjFj {"name":"operations/workflows/YmU0YjYxZTEtMDc1YS00ZGMwLWJmNWUtNmVhZDYxNmE3MjFj","done":true,"response":{"@type":"type.googleapis.com/google.firebase.service.v1beta1.FirebaseProject","projectId":"nc-js-deployfirebase23","projectNumber":"234750969658","displayName":"deployfirebase","name":"projects/nc-js-deployfirebase23","resources":{"hostingSite":"nc-js-deployfirebase23"}}}
[info] 
[info] 🎉🎉🎉 Your Firebase project is ready! 🎉🎉🎉
[info] 
[info] Project information:
[info]    - Project ID: nc-js-deployfirebase23
[info]    - Project Name: deployfirebase
[info] 
[info] Firebase console is available at
[info] https://console.firebase.google.com/project/nc-js-deployfirebase23/overview
[info] i  Using project nc-js-deployfirebase23 (deployfirebase) 
[info] 
=== Hosting Setup
[info] 
[info] Your public directory is the folder (relative to your project directory) that
[info] will contain Hosting assets to be uploaded with firebase deploy. If you
[info] have a build process for your assets, use your build's output directory.
[info] 
[debug] [2023-10-28T19:29:28.726Z] >>> [apiv2][query] GET https://www.gstatic.com/firebasejs/releases.json [none]
[debug] [2023-10-28T19:29:28.844Z] <<< [apiv2][status] GET https://www.gstatic.com/firebasejs/releases.json 200
[debug] [2023-10-28T19:29:28.845Z] <<< [apiv2][body] GET https://www.gstatic.com/firebasejs/releases.json {"current":{"version":"10.5.2","browserURL":"https://www.gstatic.com/firebasejs/10.5.2/firebase.js","packageURL":"https://www.gstatic.com/firebasejs/10.5.2/firebase.tgz"},"live":{"version":"10.5","browserURL":"https://www.gstatic.com/firebasejs/live/10.5/firebase.js","packageURL":"https://www.gstatic.com/firebasejs/live/10.5/firebase.tgz"},"components":{"analytics":"https://www.gstatic.com/firebasejs/10.5.2/firebase-analytics.js","app":"https://www.gstatic.com/firebasejs/10.5.2/firebase-app.js","app-check":"https://www.gstatic.com/firebasejs/10.5.2/firebase-app-check.js","auth":"https://www.gstatic.com/firebasejs/10.5.2/firebase-auth.js","auth/cordova":"https://www.gstatic.com/firebasejs/10.5.2/firebase-auth/cordova.js","functions":"https://www.gstatic.com/firebasejs/10.5.2/firebase-functions.js","firestore":"https://www.gstatic.com/firebasejs/10.5.2/firebase-firestore.js","firestore/lite":"https://www.gstatic.com/firebasejs/10.5.2/firebase-firestore/lite.js","installations":"https://www.gstatic.com/firebasejs/10.5.2/firebase-installations.js","storage":"https://www.gstatic.com/firebasejs/10.5.2/firebase-storage.js","performance":"https://www.gstatic.com/firebasejs/10.5.2/firebase-performance.js","remote-config":"https://www.gstatic.com/firebasejs/10.5.2/firebase-remote-config.js","messaging":"https://www.gstatic.com/firebasejs/10.5.2/firebase-messaging.js","messaging/sw":"https://www.gstatic.com/firebasejs/10.5.2/firebase-messaging/sw.js","database":"https://www.gstatic.com/firebasejs/10.5.2/firebase-database.js","firestore.memory":"https://www.gstatic.com/firebasejs/10.5.2/firebase-firestore.memory.js"}}
[info] ✔  Wrote dist/index.html 
[info] 
[info] i  Detected a .git folder at /Users/mahmoud_ektefaie/Desktop/NucampFolder/WebDev/2-Javascript/wk5-ep-deployFirebase 
[info] i  Authorizing with GitHub to upload your service account to a GitHub repository's secrets store. 
[info] 
[info] Visit this URL on this device to log in:
[info] https://github.com/login/oauth/authorize?client_id=89cf50f02ac6aaed3484&state=743061886&redirect_uri=http%3A%2F%2Flocalhost%3A9005&scope=read%3Auser%20repo%20public_repo
[info] 
[info] Waiting for authentication...
[debug] [2023-10-28T19:29:33.020Z] >>> [apiv2][query] POST https://github.com/login/oauth/access_token [none]
[debug] [2023-10-28T19:29:33.020Z] >>> [apiv2][body] POST https://github.com/login/oauth/access_token [stream]
[debug] [2023-10-28T19:29:33.447Z] <<< [apiv2][status] POST https://github.com/login/oauth/access_token 200
[debug] [2023-10-28T19:29:33.447Z] <<< [apiv2][body] POST https://github.com/login/oauth/access_token {"access_token":"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","token_type":"bearer","scope":"read:user,repo"}
[debug] [2023-10-28T19:29:33.453Z] >>> [apiv2][query] GET https://api.github.com/user [none]
[debug] [2023-10-28T19:29:33.845Z] <<< [apiv2][status] GET https://api.github.com/user 200
[debug] [2023-10-28T19:29:33.845Z] <<< [apiv2][body] GET https://api.github.com/user {"login":"mektefaie","id":54193376,"node_id":"MDQ6VXNlcjU0MTkzMzc2","avatar_url":"https://avatars.githubusercontent.com/u/54193376?v=4","gravatar_id":"","url":"https://api.github.com/users/mektefaie","html_url":"https://github.com/mektefaie","followers_url":"https://api.github.com/users/mektefaie/followers","following_url":"https://api.github.com/users/mektefaie/following{/other_user}","gists_url":"https://api.github.com/users/mektefaie/gists{/gist_id}","starred_url":"https://api.github.com/users/mektefaie/starred{/owner}{/repo}","subscriptions_url":"https://api.github.com/users/mektefaie/subscriptions","organizations_url":"https://api.github.com/users/mektefaie/orgs","repos_url":"https://api.github.com/users/mektefaie/repos","events_url":"https://api.github.com/users/mektefaie/events{/privacy}","received_events_url":"https://api.github.com/users/mektefaie/received_events","type":"User","site_admin":false,"name":"mahmoud-e","company":null,"blog":"","location":"Canada","email":null,"hireable":null,"bio":"I Git it when I Get it!","twitter_username":null,"public_repos":27,"public_gists":0,"followers":1,"following":0,"created_at":"2019-08-17T00:28:46Z","updated_at":"2023-09-17T15:59:26Z","private_gists":0,"total_private_repos":15,"owned_private_repos":15,"disk_usage":66391,"collaborators":0,"two_factor_authentication":false,"plan":{"name":"free","space":976562499,"collaborators":0,"private_repos":10000}}
[info] 
[info] ✔  Success! Logged into GitHub as mektefaie 
[info] 
[debug] [2023-10-28T19:31:17.244Z] >>> [apiv2][query] GET https://api.github.com/repos//actions/secrets/public-key type=owner
[debug] [2023-10-28T19:31:17.619Z] <<< [apiv2][status] GET https://api.github.com/repos//actions/secrets/public-key 404
[debug] [2023-10-28T19:31:17.619Z] <<< [apiv2][body] GET https://api.github.com/repos//actions/secrets/public-key {"message":"Not Found","documentation_url":"https://docs.github.com/rest"}
[info] 
[info] 
[error] ⚠  The provided authorization cannot be used with this repository. If this repository is in an organization, did you remember to grant access? 
[info] 
[info] i  Action required: Visit this URL to ensure access has been granted to the appropriate organization(s) for the Firebase CLI GitHub OAuth App: 
[info] https://github.com/settings/connections/applications/89cf50f02ac6aaed3484
[info] 
